> Task :gradle:checkKotlinGradlePluginConfigurationErrors SKIPPED
> Task :gradle:pluginDescriptors UP-TO-DATE
> Task :gradle:processResources UP-TO-DATE

> Task :gradle:compileKotlin
w: file:///C:/src/flutter/packages/flutter_tools/gradle/src/main/kotlin/DependencyVersionChecker.kt:194:39 'getter for minSdkVersion: AndroidVersion' is deprecated. Will be removed in v9.0
w: file:///C:/src/flutter/packages/flutter_tools/gradle/src/main/kotlin/FlutterPlugin.kt:11:37 'ApkVariant' is deprecated. Deprecated in Java
w: file:///C:/src/flutter/packages/flutter_tools/gradle/src/main/kotlin/FlutterPlugin.kt:628:69 'ApkVariant' is deprecated. Deprecated in Java

> Task :gradle:compileJava NO-SOURCE
> Task :gradle:compileGroovy NO-SOURCE
> Task :gradle:classes UP-TO-DATE
> Task :gradle:jar UP-TO-DATE
> Task :app:DebugMinSdkCheck
> Task :app:preBuild UP-TO-DATE
> Task :app:preDebugBuild UP-TO-DATE
> Task :app:mergeDebugNativeDebugMetadata NO-SOURCE
> Task :app:checkKotlinGradlePluginConfigurationErrors SKIPPED

> Task :app:compileFlutterBuildDebug
lib/core/services/pdf_thumbnail_service.dart:33:19: Error: Undefined name 'PdfPageFormat'.
          format: PdfPageFormat.png, // Ensure PNG format if available, or convert later
                  ^^^^^^^^^^^^^
lib/core/services/pdf_thumbnail_service.dart:33:11: Error: No named parameter with the name 'format'.
          format: PdfPageFormat.png, // Ensure PNG format if available, or convert later
          ^^^^^^
Target kernel_snapshot_program failed: Exception


> Task :app:compileFlutterBuildDebug FAILED

[Incubating] Problems report is available at: file:///E:/uass/uas-haq/build/reports/problems/problems-report.html

FAILURE: Build failed with an exception.

* What went wrong:
Execution failed for task ':app:compileFlutterBuildDebug'.
> Process 'command 'C:\src\flutter\bin\flutter.bat'' finished with non-zero exit value 1

* Try:
> Run with --stacktrace option to get the stack trace.
> Run with --info or --debug option to get more log output.
> Run with --scan to get full insights.
> Get more help at https://help.gradle.org.

Deprecated Gradle features were used in this build, making it incompatible with Gradle 9.0.

You can use '--warning-mode all' to show the individual deprecation warnings and determine if they come from your own scripts or plugins.

For more on this, please refer to https://docs.gradle.org/8.12/userguide/command_line_interface.html#sec:command_line_warnings in the Gradle documentation.

BUILD FAILED in 32s
6 actionable tasks: 3 executed, 3 up-to-date
